<?xml version="1.0" encoding="UTF-8"?>
<testsuite xmlns:xsi="http://www.w3.org/2001/XMLSchema-instance" xsi:noNamespaceSchemaLocation="https://maven.apache.org/surefire/maven-surefire-plugin/xsd/surefire-test-report-3.0.xsd" version="3.0" name="org.flowable.ui.application.FlowableUiIdmApplicationLdapAuthenticationTest" time="1.6" tests="3" errors="0" skipped="0" failures="0">
  <properties>
    <property name="java.specification.version" value="17"/>
    <property name="sun.cpu.isalist" value="amd64"/>
    <property name="sun.jnu.encoding" value="Cp1252"/>
    <property name="java.class.path" value="C:\Users\FISES-HuyNQ188\Downloads\flowable-engine-flowable-6.8.0\modules\flowable-ui\flowable-ui-app\target\test-classes;C:\Users\FISES-HuyNQ188\Downloads\flowable-engine-flowable-6.8.0\modules\flowable-ui\flowable-ui-app\target\classes;C:\Users\FISES-HuyNQ188\Downloads\flowable-engine-flowable-6.8.0\modules\flowable-ui\flowable-spring-boot-starter-ui-task\target\flowable-spring-boot-starter-ui-task-6.8.0.jar;C:\Users\FISES-HuyNQ188\.m2\repository\org\springframework\boot\spring-boot-starter-web\2.7.6\spring-boot-starter-web-2.7.6.jar;C:\Users\FISES-HuyNQ188\.m2\repository\org\springframework\boot\spring-boot-starter-json\2.7.6\spring-boot-starter-json-2.7.6.jar;C:\Users\FISES-HuyNQ188\.m2\repository\com\fasterxml\jackson\datatype\jackson-datatype-jdk8\2.13.4\jackson-datatype-jdk8-2.13.4.jar;C:\Users\FISES-HuyNQ188\.m2\repository\com\fasterxml\jackson\module\jackson-module-parameter-names\2.13.4\jackson-module-parameter-names-2.13.4.jar;C:\Users\FISES-HuyNQ188\.m2\repository\org\springframework\spring-web\5.3.24\spring-web-5.3.24.jar;C:\Users\FISES-HuyNQ188\.m2\repository\org\springframework\spring-webmvc\5.3.24\spring-webmvc-5.3.24.jar;C:\Users\FISES-HuyNQ188\Downloads\flowable-engine-flowable-6.8.0\modules\flowable-ui\flowable-ui-task-conf\target\flowable-ui-task-conf-6.8.0.jar;C:\Users\FISES-HuyNQ188\.m2\repository\org\flowable\flowable-spring-boot-starter\6.8.0\flowable-spring-boot-starter-6.8.0.jar;C:\Users\FISES-HuyNQ188\.m2\repository\org\flowable\flowable-spring-boot-starter-app\6.8.0\flowable-spring-boot-starter-app-6.8.0.jar;C:\Users\FISES-HuyNQ188\.m2\repository\org\flowable\flowable-spring-boot-starter-process\6.8.0\flowable-spring-boot-starter-process-6.8.0.jar;C:\Users\FISES-HuyNQ188\.m2\repository\org\flowable\flowable-spring-boot-starter-cmmn\6.8.0\flowable-spring-boot-starter-cmmn-6.8.0.jar;C:\Users\FISES-HuyNQ188\.m2\repository\org\flowable\flowable-spring-boot-starter-dmn\6.8.0\flowable-spring-boot-starter-dmn-6.8.0.jar;C:\Users\FISES-HuyNQ188\.m2\repository\org\springframework\boot\spring-boot-starter-jdbc\2.7.6\spring-boot-starter-jdbc-2.7.6.jar;C:\Users\FISES-HuyNQ188\.m2\repository\org\flowable\flowable-spring-configurator\6.8.0\flowable-spring-configurator-6.8.0.jar;C:\Users\FISES-HuyNQ188\.m2\repository\org\flowable\flowable-engine-configurator\6.8.0\flowable-engine-configurator-6.8.0.jar;C:\Users\FISES-HuyNQ188\.m2\repository\org\flowable\flowable-content-api\6.8.0\flowable-content-api-6.8.0.jar;C:\Users\FISES-HuyNQ188\.m2\repository\org\flowable\flowable-content-engine\6.8.0\flowable-content-engine-6.8.0.jar;C:\Users\FISES-HuyNQ188\.m2\repository\org\flowable\flowable-engine\6.8.0\flowable-engine-6.8.0.jar;C:\Users\FISES-HuyNQ188\.m2\repository\org\flowable\flowable-variable-service\6.8.0\flowable-variable-service-6.8.0.jar;C:\Users\FISES-HuyNQ188\.m2\repository\org\flowable\flowable-identitylink-service\6.8.0\flowable-identitylink-service-6.8.0.jar;C:\Users\FISES-HuyNQ188\.m2\repository\org\flowable\flowable-identitylink-service-api\6.8.0\flowable-identitylink-service-api-6.8.0.jar;C:\Users\FISES-HuyNQ188\.m2\repository\org\flowable\flowable-entitylink-service\6.8.0\flowable-entitylink-service-6.8.0.jar;C:\Users\FISES-HuyNQ188\.m2\repository\org\flowable\flowable-entitylink-service-api\6.8.0\flowable-entitylink-service-api-6.8.0.jar;C:\Users\FISES-HuyNQ188\.m2\repository\org\flowable\flowable-event-registry\6.8.0\flowable-event-registry-6.8.0.jar;C:\Users\FISES-HuyNQ188\.m2\repository\org\flowable\flowable-eventsubscription-service-api\6.8.0\flowable-eventsubscription-service-api-6.8.0.jar;C:\Users\FISES-HuyNQ188\.m2\repository\org\flowable\flowable-event-registry-configurator\6.8.0\flowable-event-registry-configurator-6.8.0.jar;C:\Users\FISES-HuyNQ188\.m2\repository\org\flowable\flowable-eventsubscription-service\6.8.0\flowable-eventsubscription-service-6.8.0.jar;C:\Users\FISES-HuyNQ188\.m2\repository\org\flowable\flowable-task-service\6.8.0\flowable-task-service-6.8.0.jar;C:\Users\FISES-HuyNQ188\.m2\repository\org\flowable\flowable-task-service-api\6.8.0\flowable-task-service-api-6.8.0.jar;C:\Users\FISES-HuyNQ188\.m2\repository\org\flowable\flowable-job-service\6.8.0\flowable-job-service-6.8.0.jar;C:\Users\FISES-HuyNQ188\.m2\repository\org\flowable\flowable-job-service-api\6.8.0\flowable-job-service-api-6.8.0.jar;C:\Users\FISES-HuyNQ188\.m2\repository\org\flowable\flowable-batch-service\6.8.0\flowable-batch-service-6.8.0.jar;C:\Users\FISES-HuyNQ188\.m2\repository\org\flowable\flowable-batch-service-api\6.8.0\flowable-batch-service-api-6.8.0.jar;C:\Users\FISES-HuyNQ188\.m2\repository\org\flowable\flowable-idm-engine-configurator\6.8.0\flowable-idm-engine-configurator-6.8.0.jar;C:\Users\FISES-HuyNQ188\.m2\repository\org\flowable\flowable-cmmn-api\6.8.0\flowable-cmmn-api-6.8.0.jar;C:\Users\FISES-HuyNQ188\.m2\repository\org\flowable\flowable-dmn-api\6.8.0\flowable-dmn-api-6.8.0.jar;C:\Users\FISES-HuyNQ188\.m2\repository\org\flowable\flowable-form-api\6.8.0\flowable-form-api-6.8.0.jar;C:\Users\FISES-HuyNQ188\.m2\repository\org\apache\commons\commons-email\1.5\commons-email-1.5.jar;C:\Users\FISES-HuyNQ188\.m2\repository\com\sun\mail\javax.mail\1.6.2\javax.mail-1.6.2.jar;C:\Users\FISES-HuyNQ188\.m2\repository\javax\activation\activation\1.1\activation-1.1.jar;C:\Users\FISES-HuyNQ188\.m2\repository\org\flowable\flowable-spring\6.8.0\flowable-spring-6.8.0.jar;C:\Users\FISES-HuyNQ188\.m2\repository\org\flowable\flowable-spring-common\6.8.0\flowable-spring-common-6.8.0.jar;C:\Users\FISES-HuyNQ188\.m2\repository\org\flowable\flowable-job-spring-service\6.8.0\flowable-job-spring-service-6.8.0.jar;C:\Users\FISES-HuyNQ188\.m2\repository\org\flowable\flowable-event-registry-spring-configurator\6.8.0\flowable-event-registry-spring-configurator-6.8.0.jar;C:\Users\FISES-HuyNQ188\.m2\repository\org\flowable\flowable-event-registry-spring\6.8.0\flowable-event-registry-spring-6.8.0.jar;C:\Users\FISES-HuyNQ188\.m2\repository\org\springframework\spring-orm\5.3.24\spring-orm-5.3.24.jar;C:\Users\FISES-HuyNQ188\.m2\repository\org\flowable\flowable-rest\6.8.0\flowable-rest-6.8.0.jar;C:\Users\FISES-HuyNQ188\.m2\repository\org\flowable\flowable-common-rest\6.8.0\flowable-common-rest-6.8.0.jar;C:\Users\FISES-HuyNQ188\.m2\repository\javax\annotation\jsr250-api\1.0\jsr250-api-1.0.jar;C:\Users\FISES-HuyNQ188\.m2\repository\io\swagger\swagger-annotations\1.6.2\swagger-annotations-1.6.2.jar;C:\Users\FISES-HuyNQ188\.m2\repository\io\swagger\swagger-models\1.6.2\swagger-models-1.6.2.jar;C:\Users\FISES-HuyNQ188\.m2\repository\org\flowable\flowable-bpmn-model\6.8.0\flowable-bpmn-model-6.8.0.jar;C:\Users\FISES-HuyNQ188\.m2\repository\org\flowable\flowable-bpmn-converter\6.8.0\flowable-bpmn-converter-6.8.0.jar;C:\Users\FISES-HuyNQ188\.m2\repository\org\flowable\flowable-json-converter\6.8.0\flowable-json-converter-6.8.0.jar;C:\Users\FISES-HuyNQ188\.m2\repository\org\flowable\flowable-bpmn-layout\6.8.0\flowable-bpmn-layout-6.8.0.jar;C:\Users\FISES-HuyNQ188\.m2\repository\org\tinyjee\jgraphx\jgraphx\1.10.4.1\jgraphx-1.10.4.1.jar;C:\Users\FISES-HuyNQ188\.m2\repository\org\flowable\flowable-app-engine\6.8.0\flowable-app-engine-6.8.0.jar;C:\Users\FISES-HuyNQ188\.m2\repository\org\flowable\flowable-app-engine-spring\6.8.0\flowable-app-engine-spring-6.8.0.jar;C:\Users\FISES-HuyNQ188\.m2\repository\org\flowable\flowable-app-engine-rest\6.8.0\flowable-app-engine-rest-6.8.0.jar;C:\Users\FISES-HuyNQ188\.m2\repository\org\apache\httpcomponents\httpcore\4.4.15\httpcore-4.4.15.jar;C:\Users\FISES-HuyNQ188\.m2\repository\org\flowable\flowable-form-spring-configurator\6.8.0\flowable-form-spring-configurator-6.8.0.jar;C:\Users\FISES-HuyNQ188\.m2\repository\org\flowable\flowable-form-spring\6.8.0\flowable-form-spring-6.8.0.jar;C:\Users\FISES-HuyNQ188\.m2\repository\org\flowable\flowable-form-engine-configurator\6.8.0\flowable-form-engine-configurator-6.8.0.jar;C:\Users\FISES-HuyNQ188\.m2\repository\org\flowable\flowable-form-engine\6.8.0\flowable-form-engine-6.8.0.jar;C:\Users\FISES-HuyNQ188\.m2\repository\org\flowable\flowable-form-model\6.8.0\flowable-form-model-6.8.0.jar;C:\Users\FISES-HuyNQ188\.m2\repository\org\flowable\flowable-form-json-converter\6.8.0\flowable-form-json-converter-6.8.0.jar;C:\Users\FISES-HuyNQ188\.m2\repository\org\flowable\flowable-form-rest\6.8.0\flowable-form-rest-6.8.0.jar;C:\Users\FISES-HuyNQ188\.m2\repository\org\flowable\flowable-dmn-spring-configurator\6.8.0\flowable-dmn-spring-configurator-6.8.0.jar;C:\Users\FISES-HuyNQ188\.m2\repository\org\flowable\flowable-dmn-spring\6.8.0\flowable-dmn-spring-6.8.0.jar;C:\Users\FISES-HuyNQ188\.m2\repository\org\flowable\flowable-dmn-engine-configurator\6.8.0\flowable-dmn-engine-configurator-6.8.0.jar;C:\Users\FISES-HuyNQ188\.m2\repository\org\flowable\flowable-dmn-engine\6.8.0\flowable-dmn-engine-6.8.0.jar;C:\Users\FISES-HuyNQ188\.m2\repository\org\flowable\flowable-dmn-model\6.8.0\flowable-dmn-model-6.8.0.jar;C:\Users\FISES-HuyNQ188\.m2\repository\org\flowable\flowable-dmn-rest\6.8.0\flowable-dmn-rest-6.8.0.jar;C:\Users\FISES-HuyNQ188\.m2\repository\org\flowable\flowable-cmmn-spring-configurator\6.8.0\flowable-cmmn-spring-configurator-6.8.0.jar;C:\Users\FISES-HuyNQ188\.m2\repository\org\flowable\flowable-cmmn-spring\6.8.0\flowable-cmmn-spring-6.8.0.jar;C:\Users\FISES-HuyNQ188\.m2\repository\org\flowable\flowable-cmmn-engine-configurator\6.8.0\flowable-cmmn-engine-configurator-6.8.0.jar;C:\Users\FISES-HuyNQ188\.m2\repository\org\flowable\flowable-cmmn-engine\6.8.0\flowable-cmmn-engine-6.8.0.jar;C:\Users\FISES-HuyNQ188\.m2\repository\org\flowable\flowable-case-validation\6.8.0\flowable-case-validation-6.8.0.jar;C:\Users\FISES-HuyNQ188\.m2\repository\org\flowable\flowable-cmmn-model\6.8.0\flowable-cmmn-model-6.8.0.jar;C:\Users\FISES-HuyNQ188\.m2\repository\org\flowable\flowable-cmmn-rest\6.8.0\flowable-cmmn-rest-6.8.0.jar;C:\Users\FISES-HuyNQ188\.m2\repository\org\flowable\flowable-event-registry-rest\6.8.0\flowable-event-registry-rest-6.8.0.jar;C:\Users\FISES-HuyNQ188\.m2\repository\org\flowable\flowable-content-spring-configurator\6.8.0\flowable-content-spring-configurator-6.8.0.jar;C:\Users\FISES-HuyNQ188\.m2\repository\org\flowable\flowable-content-spring\6.8.0\flowable-content-spring-6.8.0.jar;C:\Users\FISES-HuyNQ188\.m2\repository\org\flowable\flowable-content-engine-configurator\6.8.0\flowable-content-engine-configurator-6.8.0.jar;C:\Users\FISES-HuyNQ188\.m2\repository\org\flowable\flowable-content-rest\6.8.0\flowable-content-rest-6.8.0.jar;C:\Users\FISES-HuyNQ188\.m2\repository\org\flowable\flowable-idm-spring-configurator\6.8.0\flowable-idm-spring-configurator-6.8.0.jar;C:\Users\FISES-HuyNQ188\.m2\repository\org\slf4j\jcl-over-slf4j\1.7.36\jcl-over-slf4j-1.7.36.jar;C:\Users\FISES-HuyNQ188\.m2\repository\com\fasterxml\jackson\datatype\jackson-datatype-joda\2.13.4\jackson-datatype-joda-2.13.4.jar;C:\Users\FISES-HuyNQ188\.m2\repository\xerces\xercesImpl\2.12.2\xercesImpl-2.12.2.jar;C:\Users\FISES-HuyNQ188\.m2\repository\xml-apis\xml-apis\1.4.01\xml-apis-1.4.01.jar;C:\Users\FISES-HuyNQ188\.m2\repository\commons-io\commons-io\2.11.0\commons-io-2.11.0.jar;C:\Users\FISES-HuyNQ188\.m2\repository\org\apache\commons\commons-lang3\3.12.0\commons-lang3-3.12.0.jar;C:\Users\FISES-HuyNQ188\.m2\repository\com\google\guava\guava\31.0.1-jre\guava-31.0.1-jre.jar;C:\Users\FISES-HuyNQ188\.m2\repository\com\google\guava\failureaccess\1.0.1\failureaccess-1.0.1.jar;C:\Users\FISES-HuyNQ188\.m2\repository\com\google\guava\listenablefuture\9999.0-empty-to-avoid-conflict-with-guava\listenablefuture-9999.0-empty-to-avoid-conflict-with-guava.jar;C:\Users\FISES-HuyNQ188\.m2\repository\com\google\errorprone\error_prone_annotations\2.7.1\error_prone_annotations-2.7.1.jar;C:\Users\FISES-HuyNQ188\.m2\repository\com\google\j2objc\j2objc-annotations\1.3\j2objc-annotations-1.3.jar;C:\Users\FISES-HuyNQ188\.m2\repository\joda-time\joda-time\2.10.13\joda-time-2.10.13.jar;C:\Users\FISES-HuyNQ188\.m2\repository\org\springframework\spring-aop\5.3.24\spring-aop-5.3.24.jar;C:\Users\FISES-HuyNQ188\.m2\repository\org\springframework\spring-context-support\5.3.24\spring-context-support-5.3.24.jar;C:\Users\FISES-HuyNQ188\.m2\repository\org\springframework\spring-expression\5.3.24\spring-expression-5.3.24.jar;C:\Users\FISES-HuyNQ188\.m2\repository\org\springframework\security\spring-security-crypto\5.8.1\spring-security-crypto-5.8.1.jar;C:\Users\FISES-HuyNQ188\.m2\repository\org\springframework\security\spring-security-web\5.8.1\spring-security-web-5.8.1.jar;C:\Users\FISES-HuyNQ188\.m2\repository\org\apache\groovy\groovy-jsr223\4.0.3\groovy-jsr223-4.0.3.jar;C:\Users\FISES-HuyNQ188\.m2\repository\org\apache\groovy\groovy\4.0.3\groovy-4.0.3.jar;C:\Users\FISES-HuyNQ188\Downloads\flowable-engine-flowable-6.8.0\modules\flowable-ui\flowable-ui-task-frontend\target\flowable-ui-task-frontend-6.8.0.jar;C:\Users\FISES-HuyNQ188\Downloads\flowable-engine-flowable-6.8.0\modules\flowable-ui\flowable-ui-task-logic\target\flowable-ui-task-logic-6.8.0.jar;C:\Users\FISES-HuyNQ188\.m2\repository\org\flowable\flowable-process-validation\6.8.0\flowable-process-validation-6.8.0.jar;C:\Users\FISES-HuyNQ188\.m2\repository\org\flowable\flowable-dmn-xml-converter\6.8.0\flowable-dmn-xml-converter-6.8.0.jar;C:\Users\FISES-HuyNQ188\.m2\repository\org\flowable\flowable-dmn-json-converter\6.8.0\flowable-dmn-json-converter-6.8.0.jar;C:\Users\FISES-HuyNQ188\.m2\repository\com\fasterxml\jackson\core\jackson-core\2.13.4\jackson-core-2.13.4.jar;C:\Users\FISES-HuyNQ188\.m2\repository\com\fasterxml\jackson\core\jackson-databind\2.13.4.2\jackson-databind-2.13.4.2.jar;C:\Users\FISES-HuyNQ188\Downloads\flowable-engine-flowable-6.8.0\modules\flowable-ui\flowable-ui-task-rest\target\flowable-ui-task-rest-6.8.0.jar;C:\Users\FISES-HuyNQ188\.m2\repository\org\flowable\flowable-idm-api\6.8.0\flowable-idm-api-6.8.0.jar;C:\Users\FISES-HuyNQ188\.m2\repository\com\fasterxml\jackson\core\jackson-annotations\2.13.4\jackson-annotations-2.13.4.jar;C:\Users\FISES-HuyNQ188\.m2\repository\org\flowable\flowable-groovy-script-static-engine\6.8.0\flowable-groovy-script-static-engine-6.8.0.jar;C:\Users\FISES-HuyNQ188\.m2\repository\org\flowable\flowable-http\6.8.0\flowable-http-6.8.0.jar;C:\Users\FISES-HuyNQ188\.m2\repository\org\flowable\flowable-http-common\6.8.0\flowable-http-common-6.8.0.jar;C:\Users\FISES-HuyNQ188\.m2\repository\org\apache\httpcomponents\client5\httpclient5\5.1.3\httpclient5-5.1.3.jar;C:\Users\FISES-HuyNQ188\.m2\repository\org\apache\httpcomponents\core5\httpcore5\5.1.5\httpcore5-5.1.5.jar;C:\Users\FISES-HuyNQ188\.m2\repository\org\apache\httpcomponents\core5\httpcore5-h2\5.1.5\httpcore5-h2-5.1.5.jar;C:\Users\FISES-HuyNQ188\Downloads\flowable-engine-flowable-6.8.0\modules\flowable-ui\flowable-ui-common\target\flowable-ui-common-6.8.0.jar;C:\Users\FISES-HuyNQ188\.m2\repository\org\flowable\flowable-spring-boot-autoconfigure\6.8.0\flowable-spring-boot-autoconfigure-6.8.0.jar;C:\Users\FISES-HuyNQ188\.m2\repository\org\flowable\flowable-spring-security\6.8.0\flowable-spring-security-6.8.0.jar;C:\Users\FISES-HuyNQ188\.m2\repository\org\springframework\spring-jdbc\5.3.24\spring-jdbc-5.3.24.jar;C:\Users\FISES-HuyNQ188\.m2\repository\com\zaxxer\HikariCP\4.0.3\HikariCP-4.0.3.jar;C:\Users\FISES-HuyNQ188\.m2\repository\org\apache\httpcomponents\httpclient\4.5.14\httpclient-4.5.14.jar;C:\Users\FISES-HuyNQ188\.m2\repository\com\fasterxml\uuid\java-uuid-generator\3.3.0\java-uuid-generator-3.3.0.jar;C:\Users\FISES-HuyNQ188\Downloads\flowable-engine-flowable-6.8.0\modules\flowable-ui\flowable-spring-boot-starter-ui-admin\target\flowable-spring-boot-starter-ui-admin-6.8.0.jar;C:\Users\FISES-HuyNQ188\Downloads\flowable-engine-flowable-6.8.0\modules\flowable-ui\flowable-ui-admin-conf\target\flowable-ui-admin-conf-6.8.0.jar;C:\Users\FISES-HuyNQ188\.m2\repository\org\mybatis\mybatis\3.5.10\mybatis-3.5.10.jar;C:\Users\FISES-HuyNQ188\.m2\repository\org\mybatis\mybatis-spring\2.0.7\mybatis-spring-2.0.7.jar;C:\Users\FISES-HuyNQ188\.m2\repository\org\liquibase\liquibase-core\4.9.0\liquibase-core-4.9.0.jar;C:\Users\FISES-HuyNQ188\Downloads\flowable-engine-flowable-6.8.0\modules\flowable-ui\flowable-ui-admin-frontend\target\flowable-ui-admin-frontend-6.8.0.jar;C:\Users\FISES-HuyNQ188\Downloads\flowable-engine-flowable-6.8.0\modules\flowable-ui\flowable-ui-admin-logic\target\flowable-ui-admin-logic-6.8.0.jar;C:\Users\FISES-HuyNQ188\.m2\repository\org\flowable\flowable-image-generator\6.8.0\flowable-image-generator-6.8.0.jar;C:\Users\FISES-HuyNQ188\.m2\repository\org\flowable\flowable-cmmn-converter\6.8.0\flowable-cmmn-converter-6.8.0.jar;C:\Users\FISES-HuyNQ188\.m2\repository\org\flowable\flowable-cmmn-json-converter\6.8.0\flowable-cmmn-json-converter-6.8.0.jar;C:\Users\FISES-HuyNQ188\.m2\repository\org\flowable\flowable-cmmn-image-generator\6.8.0\flowable-cmmn-image-generator-6.8.0.jar;C:\Users\FISES-HuyNQ188\.m2\repository\org\flowable\flowable-dmn-image-generator\6.8.0\flowable-dmn-image-generator-6.8.0.jar;C:\Users\FISES-HuyNQ188\.m2\repository\commons-collections\commons-collections\3.2.2\commons-collections-3.2.2.jar;C:\Users\FISES-HuyNQ188\.m2\repository\org\apache\httpcomponents\httpmime\4.5.13\httpmime-4.5.13.jar;C:\Users\FISES-HuyNQ188\Downloads\flowable-engine-flowable-6.8.0\modules\flowable-ui\flowable-ui-admin-rest\target\flowable-ui-admin-rest-6.8.0.jar;C:\Users\FISES-HuyNQ188\Downloads\flowable-engine-flowable-6.8.0\modules\flowable-ui\flowable-spring-boot-starter-ui-idm\target\flowable-spring-boot-starter-ui-idm-6.8.0.jar;C:\Users\FISES-HuyNQ188\Downloads\flowable-engine-flowable-6.8.0\modules\flowable-ui\flowable-ui-idm-conf\target\flowable-ui-idm-conf-6.8.0.jar;C:\Users\FISES-HuyNQ188\.m2\repository\org\flowable\flowable-idm-spring\6.8.0\flowable-idm-spring-6.8.0.jar;C:\Users\FISES-HuyNQ188\.m2\repository\org\flowable\flowable-ldap\6.8.0\flowable-ldap-6.8.0.jar;C:\Users\FISES-HuyNQ188\.m2\repository\org\springframework\security\spring-security-ldap\5.8.1\spring-security-ldap-5.8.1.jar;C:\Users\FISES-HuyNQ188\Downloads\flowable-engine-flowable-6.8.0\modules\flowable-ui\flowable-ui-idm-frontend\target\flowable-ui-idm-frontend-6.8.0.jar;C:\Users\FISES-HuyNQ188\Downloads\flowable-engine-flowable-6.8.0\modules\flowable-ui\flowable-ui-idm-logic\target\flowable-ui-idm-logic-6.8.0.jar;C:\Users\FISES-HuyNQ188\Downloads\flowable-engine-flowable-6.8.0\modules\flowable-ui\flowable-ui-idm-rest\target\flowable-ui-idm-rest-6.8.0.jar;C:\Users\FISES-HuyNQ188\.m2\repository\org\flowable\flowable-idm-engine\6.8.0\flowable-idm-engine-6.8.0.jar;C:\Users\FISES-HuyNQ188\.m2\repository\org\flowable\flowable-engine-common-api\6.8.0\flowable-engine-common-api-6.8.0.jar;C:\Users\FISES-HuyNQ188\.m2\repository\org\flowable\flowable-engine-common\6.8.0\flowable-engine-common-6.8.0.jar;C:\Users\FISES-HuyNQ188\.m2\repository\org\flowable\flowable-variable-service-api\6.8.0\flowable-variable-service-api-6.8.0.jar;C:\Users\FISES-HuyNQ188\.m2\repository\org\flowable\flowable-event-registry-api\6.8.0\flowable-event-registry-api-6.8.0.jar;C:\Users\FISES-HuyNQ188\.m2\repository\commons-logging\commons-logging\1.2\commons-logging-1.2.jar;C:\Users\FISES-HuyNQ188\.m2\repository\commons-codec\commons-codec\1.15\commons-codec-1.15.jar;C:\Users\FISES-HuyNQ188\Downloads\flowable-engine-flowable-6.8.0\modules\flowable-ui\flowable-spring-boot-starter-ui-modeler\target\flowable-spring-boot-starter-ui-modeler-6.8.0.jar;C:\Users\FISES-HuyNQ188\Downloads\flowable-engine-flowable-6.8.0\modules\flowable-ui\flowable-ui-modeler-conf\target\flowable-ui-modeler-conf-6.8.0.jar;C:\Users\FISES-HuyNQ188\Downloads\flowable-engine-flowable-6.8.0\modules\flowable-ui\flowable-ui-modeler-frontend\target\flowable-ui-modeler-frontend-6.8.0.jar;C:\Users\FISES-HuyNQ188\Downloads\flowable-engine-flowable-6.8.0\modules\flowable-ui\flowable-ui-modeler-logic\target\flowable-ui-modeler-logic-6.8.0.jar;C:\Users\FISES-HuyNQ188\.m2\repository\org\flowable\flowable-event-registry-model\6.8.0\flowable-event-registry-model-6.8.0.jar;C:\Users\FISES-HuyNQ188\.m2\repository\org\flowable\flowable-event-registry-json-converter\6.8.0\flowable-event-registry-json-converter-6.8.0.jar;C:\Users\FISES-HuyNQ188\.m2\repository\org\flowable\flowable-app-engine-api\6.8.0\flowable-app-engine-api-6.8.0.jar;C:\Users\FISES-HuyNQ188\Downloads\flowable-engine-flowable-6.8.0\modules\flowable-ui\flowable-ui-modeler-rest\target\flowable-ui-modeler-rest-6.8.0.jar;C:\Users\FISES-HuyNQ188\.m2\repository\org\springframework\boot\spring-boot-starter-activemq\2.7.6\spring-boot-starter-activemq-2.7.6.jar;C:\Users\FISES-HuyNQ188\.m2\repository\org\springframework\boot\spring-boot-starter\2.7.6\spring-boot-starter-2.7.6.jar;C:\Users\FISES-HuyNQ188\.m2\repository\org\springframework\boot\spring-boot-starter-logging\2.7.6\spring-boot-starter-logging-2.7.6.jar;C:\Users\FISES-HuyNQ188\.m2\repository\ch\qos\logback\logback-classic\1.2.11\logback-classic-1.2.11.jar;C:\Users\FISES-HuyNQ188\.m2\repository\ch\qos\logback\logback-core\1.2.11\logback-core-1.2.11.jar;C:\Users\FISES-HuyNQ188\.m2\repository\org\apache\logging\log4j\log4j-to-slf4j\2.17.2\log4j-to-slf4j-2.17.2.jar;C:\Users\FISES-HuyNQ188\.m2\repository\org\apache\logging\log4j\log4j-api\2.17.2\log4j-api-2.17.2.jar;C:\Users\FISES-HuyNQ188\.m2\repository\org\slf4j\jul-to-slf4j\1.7.36\jul-to-slf4j-1.7.36.jar;C:\Users\FISES-HuyNQ188\.m2\repository\org\yaml\snakeyaml\1.30\snakeyaml-1.30.jar;C:\Users\FISES-HuyNQ188\.m2\repository\org\springframework\spring-jms\5.3.24\spring-jms-5.3.24.jar;C:\Users\FISES-HuyNQ188\.m2\repository\org\apache\activemq\activemq-broker\5.16.5\activemq-broker-5.16.5.jar;C:\Users\FISES-HuyNQ188\.m2\repository\org\apache\activemq\activemq-client\5.16.5\activemq-client-5.16.5.jar;C:\Users\FISES-HuyNQ188\.m2\repository\org\fusesource\hawtbuf\hawtbuf\1.11\hawtbuf-1.11.jar;C:\Users\FISES-HuyNQ188\.m2\repository\org\apache\activemq\activemq-openwire-legacy\5.16.5\activemq-openwire-legacy-5.16.5.jar;C:\Users\FISES-HuyNQ188\.m2\repository\jakarta\jms\jakarta.jms-api\2.0.3\jakarta.jms-api-2.0.3.jar;C:\Users\FISES-HuyNQ188\.m2\repository\jakarta\management\j2ee\jakarta.management.j2ee-api\1.1.4\jakarta.management.j2ee-api-1.1.4.jar;C:\Users\FISES-HuyNQ188\.m2\repository\org\springframework\boot\spring-boot-starter-amqp\2.7.6\spring-boot-starter-amqp-2.7.6.jar;C:\Users\FISES-HuyNQ188\.m2\repository\org\springframework\spring-messaging\5.3.24\spring-messaging-5.3.24.jar;C:\Users\FISES-HuyNQ188\.m2\repository\org\springframework\amqp\spring-rabbit\2.4.8\spring-rabbit-2.4.8.jar;C:\Users\FISES-HuyNQ188\.m2\repository\org\springframework\amqp\spring-amqp\2.4.8\spring-amqp-2.4.8.jar;C:\Users\FISES-HuyNQ188\.m2\repository\com\rabbitmq\amqp-client\5.14.2\amqp-client-5.14.2.jar;C:\Users\FISES-HuyNQ188\.m2\repository\org\springframework\kafka\spring-kafka\2.8.11\spring-kafka-2.8.11.jar;C:\Users\FISES-HuyNQ188\.m2\repository\org\springframework\spring-context\5.3.24\spring-context-5.3.24.jar;C:\Users\FISES-HuyNQ188\.m2\repository\org\springframework\spring-tx\5.3.24\spring-tx-5.3.24.jar;C:\Users\FISES-HuyNQ188\.m2\repository\org\springframework\retry\spring-retry\1.3.4\spring-retry-1.3.4.jar;C:\Users\FISES-HuyNQ188\.m2\repository\org\apache\kafka\kafka-clients\3.1.2\kafka-clients-3.1.2.jar;C:\Users\FISES-HuyNQ188\.m2\repository\com\github\luben\zstd-jni\1.5.0-4\zstd-jni-1.5.0-4.jar;C:\Users\FISES-HuyNQ188\.m2\repository\org\lz4\lz4-java\1.8.0\lz4-java-1.8.0.jar;C:\Users\FISES-HuyNQ188\.m2\repository\org\xerial\snappy\snappy-java\1.1.8.4\snappy-java-1.1.8.4.jar;C:\Users\FISES-HuyNQ188\.m2\repository\com\google\code\findbugs\jsr305\3.0.2\jsr305-3.0.2.jar;C:\Users\FISES-HuyNQ188\.m2\repository\org\springframework\boot\spring-boot-starter-oauth2-client\2.7.6\spring-boot-starter-oauth2-client-2.7.6.jar;C:\Users\FISES-HuyNQ188\.m2\repository\org\springframework\security\spring-security-config\5.8.1\spring-security-config-5.8.1.jar;C:\Users\FISES-HuyNQ188\.m2\repository\org\springframework\security\spring-security-core\5.8.1\spring-security-core-5.8.1.jar;C:\Users\FISES-HuyNQ188\.m2\repository\org\springframework\security\spring-security-oauth2-client\5.7.5\spring-security-oauth2-client-5.7.5.jar;C:\Users\FISES-HuyNQ188\.m2\repository\org\springframework\security\spring-security-oauth2-core\5.7.5\spring-security-oauth2-core-5.7.5.jar;C:\Users\FISES-HuyNQ188\.m2\repository\com\nimbusds\oauth2-oidc-sdk\9.35\oauth2-oidc-sdk-9.35.jar;C:\Users\FISES-HuyNQ188\.m2\repository\com\github\stephenc\jcip\jcip-annotations\1.0-1\jcip-annotations-1.0-1.jar;C:\Users\FISES-HuyNQ188\.m2\repository\com\nimbusds\content-type\2.2\content-type-2.2.jar;C:\Users\FISES-HuyNQ188\.m2\repository\com\nimbusds\lang-tag\1.6\lang-tag-1.6.jar;C:\Users\FISES-HuyNQ188\.m2\repository\org\springframework\security\spring-security-oauth2-jose\5.7.5\spring-security-oauth2-jose-5.7.5.jar;C:\Users\FISES-HuyNQ188\.m2\repository\com\nimbusds\nimbus-jose-jwt\9.22\nimbus-jose-jwt-9.22.jar;C:\Users\FISES-HuyNQ188\.m2\repository\org\springframework\boot\spring-boot-starter-oauth2-resource-server\2.7.6\spring-boot-starter-oauth2-resource-server-2.7.6.jar;C:\Users\FISES-HuyNQ188\.m2\repository\org\springframework\security\spring-security-oauth2-resource-server\5.7.5\spring-security-oauth2-resource-server-5.7.5.jar;C:\Users\FISES-HuyNQ188\.m2\repository\org\springframework\boot\spring-boot-starter-tomcat\2.7.6\spring-boot-starter-tomcat-2.7.6.jar;C:\Users\FISES-HuyNQ188\.m2\repository\jakarta\annotation\jakarta.annotation-api\1.3.5\jakarta.annotation-api-1.3.5.jar;C:\Users\FISES-HuyNQ188\.m2\repository\org\apache\tomcat\embed\tomcat-embed-core\9.0.69\tomcat-embed-core-9.0.69.jar;C:\Users\FISES-HuyNQ188\.m2\repository\org\apache\tomcat\embed\tomcat-embed-el\9.0.69\tomcat-embed-el-9.0.69.jar;C:\Users\FISES-HuyNQ188\.m2\repository\org\apache\tomcat\embed\tomcat-embed-websocket\9.0.69\tomcat-embed-websocket-9.0.69.jar;C:\Users\FISES-HuyNQ188\.m2\repository\org\springframework\boot\spring-boot-devtools\2.7.6\spring-boot-devtools-2.7.6.jar;C:\Users\FISES-HuyNQ188\.m2\repository\org\springframework\boot\spring-boot\2.7.6\spring-boot-2.7.6.jar;C:\Users\FISES-HuyNQ188\.m2\repository\org\springframework\boot\spring-boot-autoconfigure\2.7.6\spring-boot-autoconfigure-2.7.6.jar;C:\Users\FISES-HuyNQ188\.m2\repository\org\springframework\boot\spring-boot-starter-actuator\2.7.6\spring-boot-starter-actuator-2.7.6.jar;C:\Users\FISES-HuyNQ188\.m2\repository\org\springframework\boot\spring-boot-actuator-autoconfigure\2.7.6\spring-boot-actuator-autoconfigure-2.7.6.jar;C:\Users\FISES-HuyNQ188\.m2\repository\org\springframework\boot\spring-boot-actuator\2.7.6\spring-boot-actuator-2.7.6.jar;C:\Users\FISES-HuyNQ188\.m2\repository\com\fasterxml\jackson\datatype\jackson-datatype-jsr310\2.13.4\jackson-datatype-jsr310-2.13.4.jar;C:\Users\FISES-HuyNQ188\.m2\repository\io\micrometer\micrometer-core\1.9.6\micrometer-core-1.9.6.jar;C:\Users\FISES-HuyNQ188\.m2\repository\org\hdrhistogram\HdrHistogram\2.1.12\HdrHistogram-2.1.12.jar;C:\Users\FISES-HuyNQ188\.m2\repository\org\latencyutils\LatencyUtils\2.0.3\LatencyUtils-2.0.3.jar;C:\Users\FISES-HuyNQ188\.m2\repository\org\springframework\boot\spring-boot-configuration-processor\2.7.6\spring-boot-configuration-processor-2.7.6.jar;C:\Users\FISES-HuyNQ188\.m2\repository\org\springframework\boot\spring-boot-properties-migrator\2.7.6\spring-boot-properties-migrator-2.7.6.jar;C:\Users\FISES-HuyNQ188\.m2\repository\org\springframework\boot\spring-boot-configuration-metadata\2.7.6\spring-boot-configuration-metadata-2.7.6.jar;C:\Users\FISES-HuyNQ188\.m2\repository\com\vaadin\external\google\android-json\0.0.20131108.vaadin1\android-json-0.0.20131108.vaadin1.jar;C:\Users\FISES-HuyNQ188\.m2\repository\com\h2database\h2\2.1.214\h2-2.1.214.jar;C:\Users\FISES-HuyNQ188\.m2\repository\org\postgresql\postgresql\42.4.1\postgresql-42.4.1.jar;C:\Users\FISES-HuyNQ188\.m2\repository\org\checkerframework\checker-qual\3.5.0\checker-qual-3.5.0.jar;C:\Users\FISES-HuyNQ188\.m2\repository\org\springframework\boot\spring-boot-starter-test\2.7.6\spring-boot-starter-test-2.7.6.jar;C:\Users\FISES-HuyNQ188\.m2\repository\org\springframework\boot\spring-boot-test\2.7.6\spring-boot-test-2.7.6.jar;C:\Users\FISES-HuyNQ188\.m2\repository\org\springframework\boot\spring-boot-test-autoconfigure\2.7.6\spring-boot-test-autoconfigure-2.7.6.jar;C:\Users\FISES-HuyNQ188\.m2\repository\com\jayway\jsonpath\json-path\2.7.0\json-path-2.7.0.jar;C:\Users\FISES-HuyNQ188\.m2\repository\net\minidev\json-smart\2.4.8\json-smart-2.4.8.jar;C:\Users\FISES-HuyNQ188\.m2\repository\net\minidev\accessors-smart\2.4.8\accessors-smart-2.4.8.jar;C:\Users\FISES-HuyNQ188\.m2\repository\org\ow2\asm\asm\9.1\asm-9.1.jar;C:\Users\FISES-HuyNQ188\.m2\repository\jakarta\xml\bind\jakarta.xml.bind-api\2.3.3\jakarta.xml.bind-api-2.3.3.jar;C:\Users\FISES-HuyNQ188\.m2\repository\jakarta\activation\jakarta.activation-api\1.2.2\jakarta.activation-api-1.2.2.jar;C:\Users\FISES-HuyNQ188\.m2\repository\org\assertj\assertj-core\3.23.1\assertj-core-3.23.1.jar;C:\Users\FISES-HuyNQ188\.m2\repository\net\bytebuddy\byte-buddy\1.12.19\byte-buddy-1.12.19.jar;C:\Users\FISES-HuyNQ188\.m2\repository\org\hamcrest\hamcrest\2.2\hamcrest-2.2.jar;C:\Users\FISES-HuyNQ188\.m2\repository\org\junit\jupiter\junit-jupiter\5.8.2\junit-jupiter-5.8.2.jar;C:\Users\FISES-HuyNQ188\.m2\repository\org\junit\jupiter\junit-jupiter-api\5.8.2\junit-jupiter-api-5.8.2.jar;C:\Users\FISES-HuyNQ188\.m2\repository\org\opentest4j\opentest4j\1.2.0\opentest4j-1.2.0.jar;C:\Users\FISES-HuyNQ188\.m2\repository\org\junit\platform\junit-platform-commons\1.8.2\junit-platform-commons-1.8.2.jar;C:\Users\FISES-HuyNQ188\.m2\repository\org\apiguardian\apiguardian-api\1.1.2\apiguardian-api-1.1.2.jar;C:\Users\FISES-HuyNQ188\.m2\repository\org\junit\jupiter\junit-jupiter-params\5.8.2\junit-jupiter-params-5.8.2.jar;C:\Users\FISES-HuyNQ188\.m2\repository\org\junit\jupiter\junit-jupiter-engine\5.8.2\junit-jupiter-engine-5.8.2.jar;C:\Users\FISES-HuyNQ188\.m2\repository\org\junit\platform\junit-platform-engine\1.8.2\junit-platform-engine-1.8.2.jar;C:\Users\FISES-HuyNQ188\.m2\repository\org\mockito\mockito-core\4.0.0\mockito-core-4.0.0.jar;C:\Users\FISES-HuyNQ188\.m2\repository\net\bytebuddy\byte-buddy-agent\1.12.19\byte-buddy-agent-1.12.19.jar;C:\Users\FISES-HuyNQ188\.m2\repository\org\objenesis\objenesis\3.2\objenesis-3.2.jar;C:\Users\FISES-HuyNQ188\.m2\repository\org\mockito\mockito-junit-jupiter\4.0.0\mockito-junit-jupiter-4.0.0.jar;C:\Users\FISES-HuyNQ188\.m2\repository\org\skyscreamer\jsonassert\1.5.1\jsonassert-1.5.1.jar;C:\Users\FISES-HuyNQ188\.m2\repository\org\springframework\spring-core\5.3.24\spring-core-5.3.24.jar;C:\Users\FISES-HuyNQ188\.m2\repository\org\springframework\spring-jcl\5.3.24\spring-jcl-5.3.24.jar;C:\Users\FISES-HuyNQ188\.m2\repository\org\springframework\spring-test\5.3.24\spring-test-5.3.24.jar;C:\Users\FISES-HuyNQ188\.m2\repository\org\xmlunit\xmlunit-core\2.9.0\xmlunit-core-2.9.0.jar;C:\Users\FISES-HuyNQ188\.m2\repository\net\javacrumbs\json-unit\json-unit-assertj\2.35.0\json-unit-assertj-2.35.0.jar;C:\Users\FISES-HuyNQ188\.m2\repository\net\javacrumbs\json-unit\json-unit-core\2.35.0\json-unit-core-2.35.0.jar;C:\Users\FISES-HuyNQ188\.m2\repository\org\hamcrest\hamcrest-core\2.2\hamcrest-core-2.2.jar;C:\Users\FISES-HuyNQ188\.m2\repository\net\javacrumbs\json-unit\json-unit-json-path\2.35.0\json-unit-json-path-2.35.0.jar;C:\Users\FISES-HuyNQ188\.m2\repository\org\springframework\ldap\spring-ldap-core\2.4.1\spring-ldap-core-2.4.1.jar;C:\Users\FISES-HuyNQ188\.m2\repository\org\springframework\spring-beans\5.3.24\spring-beans-5.3.24.jar;C:\Users\FISES-HuyNQ188\.m2\repository\org\slf4j\slf4j-api\1.7.36\slf4j-api-1.7.36.jar;C:\Users\FISES-HuyNQ188\.m2\repository\com\unboundid\unboundid-ldapsdk\6.0.6\unboundid-ldapsdk-6.0.6.jar;"/>
    <property name="java.vm.vendor" value="Oracle Corporation"/>
    <property name="sun.arch.data.model" value="64"/>
    <property name="user.variant" value=""/>
    <property name="catalina.useNaming" value="false"/>
    <property name="java.vendor.url" value="https://java.oracle.com/"/>
    <property name="user.timezone" value="Asia/Bangkok"/>
    <property name="os.name" value="Windows 10"/>
    <property name="java.vm.specification.version" value="17"/>
    <property name="sun.java.launcher" value="SUN_STANDARD"/>
    <property name="user.country" value="US"/>
    <property name="sun.boot.library.path" value="C:\Program Files\Java\jdk-17\bin"/>
    <property name="sun.java.command" value="C:\Users\FISES-HuyNQ188\AppData\Local\Temp\surefire4956605449846607986\surefirebooter10814773851211573004.jar C:\Users\FISES-HuyNQ188\AppData\Local\Temp\surefire4956605449846607986 2023-06-05T17-18-24_655-jvmRun1 surefire2913781045927990511tmp surefire_011260525716804269810tmp"/>
    <property name="jdk.debug" value="release"/>
    <property name="surefire.test.class.path" value="C:\Users\FISES-HuyNQ188\Downloads\flowable-engine-flowable-6.8.0\modules\flowable-ui\flowable-ui-app\target\test-classes;C:\Users\FISES-HuyNQ188\Downloads\flowable-engine-flowable-6.8.0\modules\flowable-ui\flowable-ui-app\target\classes;C:\Users\FISES-HuyNQ188\Downloads\flowable-engine-flowable-6.8.0\modules\flowable-ui\flowable-spring-boot-starter-ui-task\target\flowable-spring-boot-starter-ui-task-6.8.0.jar;C:\Users\FISES-HuyNQ188\.m2\repository\org\springframework\boot\spring-boot-starter-web\2.7.6\spring-boot-starter-web-2.7.6.jar;C:\Users\FISES-HuyNQ188\.m2\repository\org\springframework\boot\spring-boot-starter-json\2.7.6\spring-boot-starter-json-2.7.6.jar;C:\Users\FISES-HuyNQ188\.m2\repository\com\fasterxml\jackson\datatype\jackson-datatype-jdk8\2.13.4\jackson-datatype-jdk8-2.13.4.jar;C:\Users\FISES-HuyNQ188\.m2\repository\com\fasterxml\jackson\module\jackson-module-parameter-names\2.13.4\jackson-module-parameter-names-2.13.4.jar;C:\Users\FISES-HuyNQ188\.m2\repository\org\springframework\spring-web\5.3.24\spring-web-5.3.24.jar;C:\Users\FISES-HuyNQ188\.m2\repository\org\springframework\spring-webmvc\5.3.24\spring-webmvc-5.3.24.jar;C:\Users\FISES-HuyNQ188\Downloads\flowable-engine-flowable-6.8.0\modules\flowable-ui\flowable-ui-task-conf\target\flowable-ui-task-conf-6.8.0.jar;C:\Users\FISES-HuyNQ188\.m2\repository\org\flowable\flowable-spring-boot-starter\6.8.0\flowable-spring-boot-starter-6.8.0.jar;C:\Users\FISES-HuyNQ188\.m2\repository\org\flowable\flowable-spring-boot-starter-app\6.8.0\flowable-spring-boot-starter-app-6.8.0.jar;C:\Users\FISES-HuyNQ188\.m2\repository\org\flowable\flowable-spring-boot-starter-process\6.8.0\flowable-spring-boot-starter-process-6.8.0.jar;C:\Users\FISES-HuyNQ188\.m2\repository\org\flowable\flowable-spring-boot-starter-cmmn\6.8.0\flowable-spring-boot-starter-cmmn-6.8.0.jar;C:\Users\FISES-HuyNQ188\.m2\repository\org\flowable\flowable-spring-boot-starter-dmn\6.8.0\flowable-spring-boot-starter-dmn-6.8.0.jar;C:\Users\FISES-HuyNQ188\.m2\repository\org\springframework\boot\spring-boot-starter-jdbc\2.7.6\spring-boot-starter-jdbc-2.7.6.jar;C:\Users\FISES-HuyNQ188\.m2\repository\org\flowable\flowable-spring-configurator\6.8.0\flowable-spring-configurator-6.8.0.jar;C:\Users\FISES-HuyNQ188\.m2\repository\org\flowable\flowable-engine-configurator\6.8.0\flowable-engine-configurator-6.8.0.jar;C:\Users\FISES-HuyNQ188\.m2\repository\org\flowable\flowable-content-api\6.8.0\flowable-content-api-6.8.0.jar;C:\Users\FISES-HuyNQ188\.m2\repository\org\flowable\flowable-content-engine\6.8.0\flowable-content-engine-6.8.0.jar;C:\Users\FISES-HuyNQ188\.m2\repository\org\flowable\flowable-engine\6.8.0\flowable-engine-6.8.0.jar;C:\Users\FISES-HuyNQ188\.m2\repository\org\flowable\flowable-variable-service\6.8.0\flowable-variable-service-6.8.0.jar;C:\Users\FISES-HuyNQ188\.m2\repository\org\flowable\flowable-identitylink-service\6.8.0\flowable-identitylink-service-6.8.0.jar;C:\Users\FISES-HuyNQ188\.m2\repository\org\flowable\flowable-identitylink-service-api\6.8.0\flowable-identitylink-service-api-6.8.0.jar;C:\Users\FISES-HuyNQ188\.m2\repository\org\flowable\flowable-entitylink-service\6.8.0\flowable-entitylink-service-6.8.0.jar;C:\Users\FISES-HuyNQ188\.m2\repository\org\flowable\flowable-entitylink-service-api\6.8.0\flowable-entitylink-service-api-6.8.0.jar;C:\Users\FISES-HuyNQ188\.m2\repository\org\flowable\flowable-event-registry\6.8.0\flowable-event-registry-6.8.0.jar;C:\Users\FISES-HuyNQ188\.m2\repository\org\flowable\flowable-eventsubscription-service-api\6.8.0\flowable-eventsubscription-service-api-6.8.0.jar;C:\Users\FISES-HuyNQ188\.m2\repository\org\flowable\flowable-event-registry-configurator\6.8.0\flowable-event-registry-configurator-6.8.0.jar;C:\Users\FISES-HuyNQ188\.m2\repository\org\flowable\flowable-eventsubscription-service\6.8.0\flowable-eventsubscription-service-6.8.0.jar;C:\Users\FISES-HuyNQ188\.m2\repository\org\flowable\flowable-task-service\6.8.0\flowable-task-service-6.8.0.jar;C:\Users\FISES-HuyNQ188\.m2\repository\org\flowable\flowable-task-service-api\6.8.0\flowable-task-service-api-6.8.0.jar;C:\Users\FISES-HuyNQ188\.m2\repository\org\flowable\flowable-job-service\6.8.0\flowable-job-service-6.8.0.jar;C:\Users\FISES-HuyNQ188\.m2\repository\org\flowable\flowable-job-service-api\6.8.0\flowable-job-service-api-6.8.0.jar;C:\Users\FISES-HuyNQ188\.m2\repository\org\flowable\flowable-batch-service\6.8.0\flowable-batch-service-6.8.0.jar;C:\Users\FISES-HuyNQ188\.m2\repository\org\flowable\flowable-batch-service-api\6.8.0\flowable-batch-service-api-6.8.0.jar;C:\Users\FISES-HuyNQ188\.m2\repository\org\flowable\flowable-idm-engine-configurator\6.8.0\flowable-idm-engine-configurator-6.8.0.jar;C:\Users\FISES-HuyNQ188\.m2\repository\org\flowable\flowable-cmmn-api\6.8.0\flowable-cmmn-api-6.8.0.jar;C:\Users\FISES-HuyNQ188\.m2\repository\org\flowable\flowable-dmn-api\6.8.0\flowable-dmn-api-6.8.0.jar;C:\Users\FISES-HuyNQ188\.m2\repository\org\flowable\flowable-form-api\6.8.0\flowable-form-api-6.8.0.jar;C:\Users\FISES-HuyNQ188\.m2\repository\org\apache\commons\commons-email\1.5\commons-email-1.5.jar;C:\Users\FISES-HuyNQ188\.m2\repository\com\sun\mail\javax.mail\1.6.2\javax.mail-1.6.2.jar;C:\Users\FISES-HuyNQ188\.m2\repository\javax\activation\activation\1.1\activation-1.1.jar;C:\Users\FISES-HuyNQ188\.m2\repository\org\flowable\flowable-spring\6.8.0\flowable-spring-6.8.0.jar;C:\Users\FISES-HuyNQ188\.m2\repository\org\flowable\flowable-spring-common\6.8.0\flowable-spring-common-6.8.0.jar;C:\Users\FISES-HuyNQ188\.m2\repository\org\flowable\flowable-job-spring-service\6.8.0\flowable-job-spring-service-6.8.0.jar;C:\Users\FISES-HuyNQ188\.m2\repository\org\flowable\flowable-event-registry-spring-configurator\6.8.0\flowable-event-registry-spring-configurator-6.8.0.jar;C:\Users\FISES-HuyNQ188\.m2\repository\org\flowable\flowable-event-registry-spring\6.8.0\flowable-event-registry-spring-6.8.0.jar;C:\Users\FISES-HuyNQ188\.m2\repository\org\springframework\spring-orm\5.3.24\spring-orm-5.3.24.jar;C:\Users\FISES-HuyNQ188\.m2\repository\org\flowable\flowable-rest\6.8.0\flowable-rest-6.8.0.jar;C:\Users\FISES-HuyNQ188\.m2\repository\org\flowable\flowable-common-rest\6.8.0\flowable-common-rest-6.8.0.jar;C:\Users\FISES-HuyNQ188\.m2\repository\javax\annotation\jsr250-api\1.0\jsr250-api-1.0.jar;C:\Users\FISES-HuyNQ188\.m2\repository\io\swagger\swagger-annotations\1.6.2\swagger-annotations-1.6.2.jar;C:\Users\FISES-HuyNQ188\.m2\repository\io\swagger\swagger-models\1.6.2\swagger-models-1.6.2.jar;C:\Users\FISES-HuyNQ188\.m2\repository\org\flowable\flowable-bpmn-model\6.8.0\flowable-bpmn-model-6.8.0.jar;C:\Users\FISES-HuyNQ188\.m2\repository\org\flowable\flowable-bpmn-converter\6.8.0\flowable-bpmn-converter-6.8.0.jar;C:\Users\FISES-HuyNQ188\.m2\repository\org\flowable\flowable-json-converter\6.8.0\flowable-json-converter-6.8.0.jar;C:\Users\FISES-HuyNQ188\.m2\repository\org\flowable\flowable-bpmn-layout\6.8.0\flowable-bpmn-layout-6.8.0.jar;C:\Users\FISES-HuyNQ188\.m2\repository\org\tinyjee\jgraphx\jgraphx\1.10.4.1\jgraphx-1.10.4.1.jar;C:\Users\FISES-HuyNQ188\.m2\repository\org\flowable\flowable-app-engine\6.8.0\flowable-app-engine-6.8.0.jar;C:\Users\FISES-HuyNQ188\.m2\repository\org\flowable\flowable-app-engine-spring\6.8.0\flowable-app-engine-spring-6.8.0.jar;C:\Users\FISES-HuyNQ188\.m2\repository\org\flowable\flowable-app-engine-rest\6.8.0\flowable-app-engine-rest-6.8.0.jar;C:\Users\FISES-HuyNQ188\.m2\repository\org\apache\httpcomponents\httpcore\4.4.15\httpcore-4.4.15.jar;C:\Users\FISES-HuyNQ188\.m2\repository\org\flowable\flowable-form-spring-configurator\6.8.0\flowable-form-spring-configurator-6.8.0.jar;C:\Users\FISES-HuyNQ188\.m2\repository\org\flowable\flowable-form-spring\6.8.0\flowable-form-spring-6.8.0.jar;C:\Users\FISES-HuyNQ188\.m2\repository\org\flowable\flowable-form-engine-configurator\6.8.0\flowable-form-engine-configurator-6.8.0.jar;C:\Users\FISES-HuyNQ188\.m2\repository\org\flowable\flowable-form-engine\6.8.0\flowable-form-engine-6.8.0.jar;C:\Users\FISES-HuyNQ188\.m2\repository\org\flowable\flowable-form-model\6.8.0\flowable-form-model-6.8.0.jar;C:\Users\FISES-HuyNQ188\.m2\repository\org\flowable\flowable-form-json-converter\6.8.0\flowable-form-json-converter-6.8.0.jar;C:\Users\FISES-HuyNQ188\.m2\repository\org\flowable\flowable-form-rest\6.8.0\flowable-form-rest-6.8.0.jar;C:\Users\FISES-HuyNQ188\.m2\repository\org\flowable\flowable-dmn-spring-configurator\6.8.0\flowable-dmn-spring-configurator-6.8.0.jar;C:\Users\FISES-HuyNQ188\.m2\repository\org\flowable\flowable-dmn-spring\6.8.0\flowable-dmn-spring-6.8.0.jar;C:\Users\FISES-HuyNQ188\.m2\repository\org\flowable\flowable-dmn-engine-configurator\6.8.0\flowable-dmn-engine-configurator-6.8.0.jar;C:\Users\FISES-HuyNQ188\.m2\repository\org\flowable\flowable-dmn-engine\6.8.0\flowable-dmn-engine-6.8.0.jar;C:\Users\FISES-HuyNQ188\.m2\repository\org\flowable\flowable-dmn-model\6.8.0\flowable-dmn-model-6.8.0.jar;C:\Users\FISES-HuyNQ188\.m2\repository\org\flowable\flowable-dmn-rest\6.8.0\flowable-dmn-rest-6.8.0.jar;C:\Users\FISES-HuyNQ188\.m2\repository\org\flowable\flowable-cmmn-spring-configurator\6.8.0\flowable-cmmn-spring-configurator-6.8.0.jar;C:\Users\FISES-HuyNQ188\.m2\repository\org\flowable\flowable-cmmn-spring\6.8.0\flowable-cmmn-spring-6.8.0.jar;C:\Users\FISES-HuyNQ188\.m2\repository\org\flowable\flowable-cmmn-engine-configurator\6.8.0\flowable-cmmn-engine-configurator-6.8.0.jar;C:\Users\FISES-HuyNQ188\.m2\repository\org\flowable\flowable-cmmn-engine\6.8.0\flowable-cmmn-engine-6.8.0.jar;C:\Users\FISES-HuyNQ188\.m2\repository\org\flowable\flowable-case-validation\6.8.0\flowable-case-validation-6.8.0.jar;C:\Users\FISES-HuyNQ188\.m2\repository\org\flowable\flowable-cmmn-model\6.8.0\flowable-cmmn-model-6.8.0.jar;C:\Users\FISES-HuyNQ188\.m2\repository\org\flowable\flowable-cmmn-rest\6.8.0\flowable-cmmn-rest-6.8.0.jar;C:\Users\FISES-HuyNQ188\.m2\repository\org\flowable\flowable-event-registry-rest\6.8.0\flowable-event-registry-rest-6.8.0.jar;C:\Users\FISES-HuyNQ188\.m2\repository\org\flowable\flowable-content-spring-configurator\6.8.0\flowable-content-spring-configurator-6.8.0.jar;C:\Users\FISES-HuyNQ188\.m2\repository\org\flowable\flowable-content-spring\6.8.0\flowable-content-spring-6.8.0.jar;C:\Users\FISES-HuyNQ188\.m2\repository\org\flowable\flowable-content-engine-configurator\6.8.0\flowable-content-engine-configurator-6.8.0.jar;C:\Users\FISES-HuyNQ188\.m2\repository\org\flowable\flowable-content-rest\6.8.0\flowable-content-rest-6.8.0.jar;C:\Users\FISES-HuyNQ188\.m2\repository\org\flowable\flowable-idm-spring-configurator\6.8.0\flowable-idm-spring-configurator-6.8.0.jar;C:\Users\FISES-HuyNQ188\.m2\repository\org\slf4j\jcl-over-slf4j\1.7.36\jcl-over-slf4j-1.7.36.jar;C:\Users\FISES-HuyNQ188\.m2\repository\com\fasterxml\jackson\datatype\jackson-datatype-joda\2.13.4\jackson-datatype-joda-2.13.4.jar;C:\Users\FISES-HuyNQ188\.m2\repository\xerces\xercesImpl\2.12.2\xercesImpl-2.12.2.jar;C:\Users\FISES-HuyNQ188\.m2\repository\xml-apis\xml-apis\1.4.01\xml-apis-1.4.01.jar;C:\Users\FISES-HuyNQ188\.m2\repository\commons-io\commons-io\2.11.0\commons-io-2.11.0.jar;C:\Users\FISES-HuyNQ188\.m2\repository\org\apache\commons\commons-lang3\3.12.0\commons-lang3-3.12.0.jar;C:\Users\FISES-HuyNQ188\.m2\repository\com\google\guava\guava\31.0.1-jre\guava-31.0.1-jre.jar;C:\Users\FISES-HuyNQ188\.m2\repository\com\google\guava\failureaccess\1.0.1\failureaccess-1.0.1.jar;C:\Users\FISES-HuyNQ188\.m2\repository\com\google\guava\listenablefuture\9999.0-empty-to-avoid-conflict-with-guava\listenablefuture-9999.0-empty-to-avoid-conflict-with-guava.jar;C:\Users\FISES-HuyNQ188\.m2\repository\com\google\errorprone\error_prone_annotations\2.7.1\error_prone_annotations-2.7.1.jar;C:\Users\FISES-HuyNQ188\.m2\repository\com\google\j2objc\j2objc-annotations\1.3\j2objc-annotations-1.3.jar;C:\Users\FISES-HuyNQ188\.m2\repository\joda-time\joda-time\2.10.13\joda-time-2.10.13.jar;C:\Users\FISES-HuyNQ188\.m2\repository\org\springframework\spring-aop\5.3.24\spring-aop-5.3.24.jar;C:\Users\FISES-HuyNQ188\.m2\repository\org\springframework\spring-context-support\5.3.24\spring-context-support-5.3.24.jar;C:\Users\FISES-HuyNQ188\.m2\repository\org\springframework\spring-expression\5.3.24\spring-expression-5.3.24.jar;C:\Users\FISES-HuyNQ188\.m2\repository\org\springframework\security\spring-security-crypto\5.8.1\spring-security-crypto-5.8.1.jar;C:\Users\FISES-HuyNQ188\.m2\repository\org\springframework\security\spring-security-web\5.8.1\spring-security-web-5.8.1.jar;C:\Users\FISES-HuyNQ188\.m2\repository\org\apache\groovy\groovy-jsr223\4.0.3\groovy-jsr223-4.0.3.jar;C:\Users\FISES-HuyNQ188\.m2\repository\org\apache\groovy\groovy\4.0.3\groovy-4.0.3.jar;C:\Users\FISES-HuyNQ188\Downloads\flowable-engine-flowable-6.8.0\modules\flowable-ui\flowable-ui-task-frontend\target\flowable-ui-task-frontend-6.8.0.jar;C:\Users\FISES-HuyNQ188\Downloads\flowable-engine-flowable-6.8.0\modules\flowable-ui\flowable-ui-task-logic\target\flowable-ui-task-logic-6.8.0.jar;C:\Users\FISES-HuyNQ188\.m2\repository\org\flowable\flowable-process-validation\6.8.0\flowable-process-validation-6.8.0.jar;C:\Users\FISES-HuyNQ188\.m2\repository\org\flowable\flowable-dmn-xml-converter\6.8.0\flowable-dmn-xml-converter-6.8.0.jar;C:\Users\FISES-HuyNQ188\.m2\repository\org\flowable\flowable-dmn-json-converter\6.8.0\flowable-dmn-json-converter-6.8.0.jar;C:\Users\FISES-HuyNQ188\.m2\repository\com\fasterxml\jackson\core\jackson-core\2.13.4\jackson-core-2.13.4.jar;C:\Users\FISES-HuyNQ188\.m2\repository\com\fasterxml\jackson\core\jackson-databind\2.13.4.2\jackson-databind-2.13.4.2.jar;C:\Users\FISES-HuyNQ188\Downloads\flowable-engine-flowable-6.8.0\modules\flowable-ui\flowable-ui-task-rest\target\flowable-ui-task-rest-6.8.0.jar;C:\Users\FISES-HuyNQ188\.m2\repository\org\flowable\flowable-idm-api\6.8.0\flowable-idm-api-6.8.0.jar;C:\Users\FISES-HuyNQ188\.m2\repository\com\fasterxml\jackson\core\jackson-annotations\2.13.4\jackson-annotations-2.13.4.jar;C:\Users\FISES-HuyNQ188\.m2\repository\org\flowable\flowable-groovy-script-static-engine\6.8.0\flowable-groovy-script-static-engine-6.8.0.jar;C:\Users\FISES-HuyNQ188\.m2\repository\org\flowable\flowable-http\6.8.0\flowable-http-6.8.0.jar;C:\Users\FISES-HuyNQ188\.m2\repository\org\flowable\flowable-http-common\6.8.0\flowable-http-common-6.8.0.jar;C:\Users\FISES-HuyNQ188\.m2\repository\org\apache\httpcomponents\client5\httpclient5\5.1.3\httpclient5-5.1.3.jar;C:\Users\FISES-HuyNQ188\.m2\repository\org\apache\httpcomponents\core5\httpcore5\5.1.5\httpcore5-5.1.5.jar;C:\Users\FISES-HuyNQ188\.m2\repository\org\apache\httpcomponents\core5\httpcore5-h2\5.1.5\httpcore5-h2-5.1.5.jar;C:\Users\FISES-HuyNQ188\Downloads\flowable-engine-flowable-6.8.0\modules\flowable-ui\flowable-ui-common\target\flowable-ui-common-6.8.0.jar;C:\Users\FISES-HuyNQ188\.m2\repository\org\flowable\flowable-spring-boot-autoconfigure\6.8.0\flowable-spring-boot-autoconfigure-6.8.0.jar;C:\Users\FISES-HuyNQ188\.m2\repository\org\flowable\flowable-spring-security\6.8.0\flowable-spring-security-6.8.0.jar;C:\Users\FISES-HuyNQ188\.m2\repository\org\springframework\spring-jdbc\5.3.24\spring-jdbc-5.3.24.jar;C:\Users\FISES-HuyNQ188\.m2\repository\com\zaxxer\HikariCP\4.0.3\HikariCP-4.0.3.jar;C:\Users\FISES-HuyNQ188\.m2\repository\org\apache\httpcomponents\httpclient\4.5.14\httpclient-4.5.14.jar;C:\Users\FISES-HuyNQ188\.m2\repository\com\fasterxml\uuid\java-uuid-generator\3.3.0\java-uuid-generator-3.3.0.jar;C:\Users\FISES-HuyNQ188\Downloads\flowable-engine-flowable-6.8.0\modules\flowable-ui\flowable-spring-boot-starter-ui-admin\target\flowable-spring-boot-starter-ui-admin-6.8.0.jar;C:\Users\FISES-HuyNQ188\Downloads\flowable-engine-flowable-6.8.0\modules\flowable-ui\flowable-ui-admin-conf\target\flowable-ui-admin-conf-6.8.0.jar;C:\Users\FISES-HuyNQ188\.m2\repository\org\mybatis\mybatis\3.5.10\mybatis-3.5.10.jar;C:\Users\FISES-HuyNQ188\.m2\repository\org\mybatis\mybatis-spring\2.0.7\mybatis-spring-2.0.7.jar;C:\Users\FISES-HuyNQ188\.m2\repository\org\liquibase\liquibase-core\4.9.0\liquibase-core-4.9.0.jar;C:\Users\FISES-HuyNQ188\Downloads\flowable-engine-flowable-6.8.0\modules\flowable-ui\flowable-ui-admin-frontend\target\flowable-ui-admin-frontend-6.8.0.jar;C:\Users\FISES-HuyNQ188\Downloads\flowable-engine-flowable-6.8.0\modules\flowable-ui\flowable-ui-admin-logic\target\flowable-ui-admin-logic-6.8.0.jar;C:\Users\FISES-HuyNQ188\.m2\repository\org\flowable\flowable-image-generator\6.8.0\flowable-image-generator-6.8.0.jar;C:\Users\FISES-HuyNQ188\.m2\repository\org\flowable\flowable-cmmn-converter\6.8.0\flowable-cmmn-converter-6.8.0.jar;C:\Users\FISES-HuyNQ188\.m2\repository\org\flowable\flowable-cmmn-json-converter\6.8.0\flowable-cmmn-json-converter-6.8.0.jar;C:\Users\FISES-HuyNQ188\.m2\repository\org\flowable\flowable-cmmn-image-generator\6.8.0\flowable-cmmn-image-generator-6.8.0.jar;C:\Users\FISES-HuyNQ188\.m2\repository\org\flowable\flowable-dmn-image-generator\6.8.0\flowable-dmn-image-generator-6.8.0.jar;C:\Users\FISES-HuyNQ188\.m2\repository\commons-collections\commons-collections\3.2.2\commons-collections-3.2.2.jar;C:\Users\FISES-HuyNQ188\.m2\repository\org\apache\httpcomponents\httpmime\4.5.13\httpmime-4.5.13.jar;C:\Users\FISES-HuyNQ188\Downloads\flowable-engine-flowable-6.8.0\modules\flowable-ui\flowable-ui-admin-rest\target\flowable-ui-admin-rest-6.8.0.jar;C:\Users\FISES-HuyNQ188\Downloads\flowable-engine-flowable-6.8.0\modules\flowable-ui\flowable-spring-boot-starter-ui-idm\target\flowable-spring-boot-starter-ui-idm-6.8.0.jar;C:\Users\FISES-HuyNQ188\Downloads\flowable-engine-flowable-6.8.0\modules\flowable-ui\flowable-ui-idm-conf\target\flowable-ui-idm-conf-6.8.0.jar;C:\Users\FISES-HuyNQ188\.m2\repository\org\flowable\flowable-idm-spring\6.8.0\flowable-idm-spring-6.8.0.jar;C:\Users\FISES-HuyNQ188\.m2\repository\org\flowable\flowable-ldap\6.8.0\flowable-ldap-6.8.0.jar;C:\Users\FISES-HuyNQ188\.m2\repository\org\springframework\security\spring-security-ldap\5.8.1\spring-security-ldap-5.8.1.jar;C:\Users\FISES-HuyNQ188\Downloads\flowable-engine-flowable-6.8.0\modules\flowable-ui\flowable-ui-idm-frontend\target\flowable-ui-idm-frontend-6.8.0.jar;C:\Users\FISES-HuyNQ188\Downloads\flowable-engine-flowable-6.8.0\modules\flowable-ui\flowable-ui-idm-logic\target\flowable-ui-idm-logic-6.8.0.jar;C:\Users\FISES-HuyNQ188\Downloads\flowable-engine-flowable-6.8.0\modules\flowable-ui\flowable-ui-idm-rest\target\flowable-ui-idm-rest-6.8.0.jar;C:\Users\FISES-HuyNQ188\.m2\repository\org\flowable\flowable-idm-engine\6.8.0\flowable-idm-engine-6.8.0.jar;C:\Users\FISES-HuyNQ188\.m2\repository\org\flowable\flowable-engine-common-api\6.8.0\flowable-engine-common-api-6.8.0.jar;C:\Users\FISES-HuyNQ188\.m2\repository\org\flowable\flowable-engine-common\6.8.0\flowable-engine-common-6.8.0.jar;C:\Users\FISES-HuyNQ188\.m2\repository\org\flowable\flowable-variable-service-api\6.8.0\flowable-variable-service-api-6.8.0.jar;C:\Users\FISES-HuyNQ188\.m2\repository\org\flowable\flowable-event-registry-api\6.8.0\flowable-event-registry-api-6.8.0.jar;C:\Users\FISES-HuyNQ188\.m2\repository\commons-logging\commons-logging\1.2\commons-logging-1.2.jar;C:\Users\FISES-HuyNQ188\.m2\repository\commons-codec\commons-codec\1.15\commons-codec-1.15.jar;C:\Users\FISES-HuyNQ188\Downloads\flowable-engine-flowable-6.8.0\modules\flowable-ui\flowable-spring-boot-starter-ui-modeler\target\flowable-spring-boot-starter-ui-modeler-6.8.0.jar;C:\Users\FISES-HuyNQ188\Downloads\flowable-engine-flowable-6.8.0\modules\flowable-ui\flowable-ui-modeler-conf\target\flowable-ui-modeler-conf-6.8.0.jar;C:\Users\FISES-HuyNQ188\Downloads\flowable-engine-flowable-6.8.0\modules\flowable-ui\flowable-ui-modeler-frontend\target\flowable-ui-modeler-frontend-6.8.0.jar;C:\Users\FISES-HuyNQ188\Downloads\flowable-engine-flowable-6.8.0\modules\flowable-ui\flowable-ui-modeler-logic\target\flowable-ui-modeler-logic-6.8.0.jar;C:\Users\FISES-HuyNQ188\.m2\repository\org\flowable\flowable-event-registry-model\6.8.0\flowable-event-registry-model-6.8.0.jar;C:\Users\FISES-HuyNQ188\.m2\repository\org\flowable\flowable-event-registry-json-converter\6.8.0\flowable-event-registry-json-converter-6.8.0.jar;C:\Users\FISES-HuyNQ188\.m2\repository\org\flowable\flowable-app-engine-api\6.8.0\flowable-app-engine-api-6.8.0.jar;C:\Users\FISES-HuyNQ188\Downloads\flowable-engine-flowable-6.8.0\modules\flowable-ui\flowable-ui-modeler-rest\target\flowable-ui-modeler-rest-6.8.0.jar;C:\Users\FISES-HuyNQ188\.m2\repository\org\springframework\boot\spring-boot-starter-activemq\2.7.6\spring-boot-starter-activemq-2.7.6.jar;C:\Users\FISES-HuyNQ188\.m2\repository\org\springframework\boot\spring-boot-starter\2.7.6\spring-boot-starter-2.7.6.jar;C:\Users\FISES-HuyNQ188\.m2\repository\org\springframework\boot\spring-boot-starter-logging\2.7.6\spring-boot-starter-logging-2.7.6.jar;C:\Users\FISES-HuyNQ188\.m2\repository\ch\qos\logback\logback-classic\1.2.11\logback-classic-1.2.11.jar;C:\Users\FISES-HuyNQ188\.m2\repository\ch\qos\logback\logback-core\1.2.11\logback-core-1.2.11.jar;C:\Users\FISES-HuyNQ188\.m2\repository\org\apache\logging\log4j\log4j-to-slf4j\2.17.2\log4j-to-slf4j-2.17.2.jar;C:\Users\FISES-HuyNQ188\.m2\repository\org\apache\logging\log4j\log4j-api\2.17.2\log4j-api-2.17.2.jar;C:\Users\FISES-HuyNQ188\.m2\repository\org\slf4j\jul-to-slf4j\1.7.36\jul-to-slf4j-1.7.36.jar;C:\Users\FISES-HuyNQ188\.m2\repository\org\yaml\snakeyaml\1.30\snakeyaml-1.30.jar;C:\Users\FISES-HuyNQ188\.m2\repository\org\springframework\spring-jms\5.3.24\spring-jms-5.3.24.jar;C:\Users\FISES-HuyNQ188\.m2\repository\org\apache\activemq\activemq-broker\5.16.5\activemq-broker-5.16.5.jar;C:\Users\FISES-HuyNQ188\.m2\repository\org\apache\activemq\activemq-client\5.16.5\activemq-client-5.16.5.jar;C:\Users\FISES-HuyNQ188\.m2\repository\org\fusesource\hawtbuf\hawtbuf\1.11\hawtbuf-1.11.jar;C:\Users\FISES-HuyNQ188\.m2\repository\org\apache\activemq\activemq-openwire-legacy\5.16.5\activemq-openwire-legacy-5.16.5.jar;C:\Users\FISES-HuyNQ188\.m2\repository\jakarta\jms\jakarta.jms-api\2.0.3\jakarta.jms-api-2.0.3.jar;C:\Users\FISES-HuyNQ188\.m2\repository\jakarta\management\j2ee\jakarta.management.j2ee-api\1.1.4\jakarta.management.j2ee-api-1.1.4.jar;C:\Users\FISES-HuyNQ188\.m2\repository\org\springframework\boot\spring-boot-starter-amqp\2.7.6\spring-boot-starter-amqp-2.7.6.jar;C:\Users\FISES-HuyNQ188\.m2\repository\org\springframework\spring-messaging\5.3.24\spring-messaging-5.3.24.jar;C:\Users\FISES-HuyNQ188\.m2\repository\org\springframework\amqp\spring-rabbit\2.4.8\spring-rabbit-2.4.8.jar;C:\Users\FISES-HuyNQ188\.m2\repository\org\springframework\amqp\spring-amqp\2.4.8\spring-amqp-2.4.8.jar;C:\Users\FISES-HuyNQ188\.m2\repository\com\rabbitmq\amqp-client\5.14.2\amqp-client-5.14.2.jar;C:\Users\FISES-HuyNQ188\.m2\repository\org\springframework\kafka\spring-kafka\2.8.11\spring-kafka-2.8.11.jar;C:\Users\FISES-HuyNQ188\.m2\repository\org\springframework\spring-context\5.3.24\spring-context-5.3.24.jar;C:\Users\FISES-HuyNQ188\.m2\repository\org\springframework\spring-tx\5.3.24\spring-tx-5.3.24.jar;C:\Users\FISES-HuyNQ188\.m2\repository\org\springframework\retry\spring-retry\1.3.4\spring-retry-1.3.4.jar;C:\Users\FISES-HuyNQ188\.m2\repository\org\apache\kafka\kafka-clients\3.1.2\kafka-clients-3.1.2.jar;C:\Users\FISES-HuyNQ188\.m2\repository\com\github\luben\zstd-jni\1.5.0-4\zstd-jni-1.5.0-4.jar;C:\Users\FISES-HuyNQ188\.m2\repository\org\lz4\lz4-java\1.8.0\lz4-java-1.8.0.jar;C:\Users\FISES-HuyNQ188\.m2\repository\org\xerial\snappy\snappy-java\1.1.8.4\snappy-java-1.1.8.4.jar;C:\Users\FISES-HuyNQ188\.m2\repository\com\google\code\findbugs\jsr305\3.0.2\jsr305-3.0.2.jar;C:\Users\FISES-HuyNQ188\.m2\repository\org\springframework\boot\spring-boot-starter-oauth2-client\2.7.6\spring-boot-starter-oauth2-client-2.7.6.jar;C:\Users\FISES-HuyNQ188\.m2\repository\org\springframework\security\spring-security-config\5.8.1\spring-security-config-5.8.1.jar;C:\Users\FISES-HuyNQ188\.m2\repository\org\springframework\security\spring-security-core\5.8.1\spring-security-core-5.8.1.jar;C:\Users\FISES-HuyNQ188\.m2\repository\org\springframework\security\spring-security-oauth2-client\5.7.5\spring-security-oauth2-client-5.7.5.jar;C:\Users\FISES-HuyNQ188\.m2\repository\org\springframework\security\spring-security-oauth2-core\5.7.5\spring-security-oauth2-core-5.7.5.jar;C:\Users\FISES-HuyNQ188\.m2\repository\com\nimbusds\oauth2-oidc-sdk\9.35\oauth2-oidc-sdk-9.35.jar;C:\Users\FISES-HuyNQ188\.m2\repository\com\github\stephenc\jcip\jcip-annotations\1.0-1\jcip-annotations-1.0-1.jar;C:\Users\FISES-HuyNQ188\.m2\repository\com\nimbusds\content-type\2.2\content-type-2.2.jar;C:\Users\FISES-HuyNQ188\.m2\repository\com\nimbusds\lang-tag\1.6\lang-tag-1.6.jar;C:\Users\FISES-HuyNQ188\.m2\repository\org\springframework\security\spring-security-oauth2-jose\5.7.5\spring-security-oauth2-jose-5.7.5.jar;C:\Users\FISES-HuyNQ188\.m2\repository\com\nimbusds\nimbus-jose-jwt\9.22\nimbus-jose-jwt-9.22.jar;C:\Users\FISES-HuyNQ188\.m2\repository\org\springframework\boot\spring-boot-starter-oauth2-resource-server\2.7.6\spring-boot-starter-oauth2-resource-server-2.7.6.jar;C:\Users\FISES-HuyNQ188\.m2\repository\org\springframework\security\spring-security-oauth2-resource-server\5.7.5\spring-security-oauth2-resource-server-5.7.5.jar;C:\Users\FISES-HuyNQ188\.m2\repository\org\springframework\boot\spring-boot-starter-tomcat\2.7.6\spring-boot-starter-tomcat-2.7.6.jar;C:\Users\FISES-HuyNQ188\.m2\repository\jakarta\annotation\jakarta.annotation-api\1.3.5\jakarta.annotation-api-1.3.5.jar;C:\Users\FISES-HuyNQ188\.m2\repository\org\apache\tomcat\embed\tomcat-embed-core\9.0.69\tomcat-embed-core-9.0.69.jar;C:\Users\FISES-HuyNQ188\.m2\repository\org\apache\tomcat\embed\tomcat-embed-el\9.0.69\tomcat-embed-el-9.0.69.jar;C:\Users\FISES-HuyNQ188\.m2\repository\org\apache\tomcat\embed\tomcat-embed-websocket\9.0.69\tomcat-embed-websocket-9.0.69.jar;C:\Users\FISES-HuyNQ188\.m2\repository\org\springframework\boot\spring-boot-devtools\2.7.6\spring-boot-devtools-2.7.6.jar;C:\Users\FISES-HuyNQ188\.m2\repository\org\springframework\boot\spring-boot\2.7.6\spring-boot-2.7.6.jar;C:\Users\FISES-HuyNQ188\.m2\repository\org\springframework\boot\spring-boot-autoconfigure\2.7.6\spring-boot-autoconfigure-2.7.6.jar;C:\Users\FISES-HuyNQ188\.m2\repository\org\springframework\boot\spring-boot-starter-actuator\2.7.6\spring-boot-starter-actuator-2.7.6.jar;C:\Users\FISES-HuyNQ188\.m2\repository\org\springframework\boot\spring-boot-actuator-autoconfigure\2.7.6\spring-boot-actuator-autoconfigure-2.7.6.jar;C:\Users\FISES-HuyNQ188\.m2\repository\org\springframework\boot\spring-boot-actuator\2.7.6\spring-boot-actuator-2.7.6.jar;C:\Users\FISES-HuyNQ188\.m2\repository\com\fasterxml\jackson\datatype\jackson-datatype-jsr310\2.13.4\jackson-datatype-jsr310-2.13.4.jar;C:\Users\FISES-HuyNQ188\.m2\repository\io\micrometer\micrometer-core\1.9.6\micrometer-core-1.9.6.jar;C:\Users\FISES-HuyNQ188\.m2\repository\org\hdrhistogram\HdrHistogram\2.1.12\HdrHistogram-2.1.12.jar;C:\Users\FISES-HuyNQ188\.m2\repository\org\latencyutils\LatencyUtils\2.0.3\LatencyUtils-2.0.3.jar;C:\Users\FISES-HuyNQ188\.m2\repository\org\springframework\boot\spring-boot-configuration-processor\2.7.6\spring-boot-configuration-processor-2.7.6.jar;C:\Users\FISES-HuyNQ188\.m2\repository\org\springframework\boot\spring-boot-properties-migrator\2.7.6\spring-boot-properties-migrator-2.7.6.jar;C:\Users\FISES-HuyNQ188\.m2\repository\org\springframework\boot\spring-boot-configuration-metadata\2.7.6\spring-boot-configuration-metadata-2.7.6.jar;C:\Users\FISES-HuyNQ188\.m2\repository\com\vaadin\external\google\android-json\0.0.20131108.vaadin1\android-json-0.0.20131108.vaadin1.jar;C:\Users\FISES-HuyNQ188\.m2\repository\com\h2database\h2\2.1.214\h2-2.1.214.jar;C:\Users\FISES-HuyNQ188\.m2\repository\org\postgresql\postgresql\42.4.1\postgresql-42.4.1.jar;C:\Users\FISES-HuyNQ188\.m2\repository\org\checkerframework\checker-qual\3.5.0\checker-qual-3.5.0.jar;C:\Users\FISES-HuyNQ188\.m2\repository\org\springframework\boot\spring-boot-starter-test\2.7.6\spring-boot-starter-test-2.7.6.jar;C:\Users\FISES-HuyNQ188\.m2\repository\org\springframework\boot\spring-boot-test\2.7.6\spring-boot-test-2.7.6.jar;C:\Users\FISES-HuyNQ188\.m2\repository\org\springframework\boot\spring-boot-test-autoconfigure\2.7.6\spring-boot-test-autoconfigure-2.7.6.jar;C:\Users\FISES-HuyNQ188\.m2\repository\com\jayway\jsonpath\json-path\2.7.0\json-path-2.7.0.jar;C:\Users\FISES-HuyNQ188\.m2\repository\net\minidev\json-smart\2.4.8\json-smart-2.4.8.jar;C:\Users\FISES-HuyNQ188\.m2\repository\net\minidev\accessors-smart\2.4.8\accessors-smart-2.4.8.jar;C:\Users\FISES-HuyNQ188\.m2\repository\org\ow2\asm\asm\9.1\asm-9.1.jar;C:\Users\FISES-HuyNQ188\.m2\repository\jakarta\xml\bind\jakarta.xml.bind-api\2.3.3\jakarta.xml.bind-api-2.3.3.jar;C:\Users\FISES-HuyNQ188\.m2\repository\jakarta\activation\jakarta.activation-api\1.2.2\jakarta.activation-api-1.2.2.jar;C:\Users\FISES-HuyNQ188\.m2\repository\org\assertj\assertj-core\3.23.1\assertj-core-3.23.1.jar;C:\Users\FISES-HuyNQ188\.m2\repository\net\bytebuddy\byte-buddy\1.12.19\byte-buddy-1.12.19.jar;C:\Users\FISES-HuyNQ188\.m2\repository\org\hamcrest\hamcrest\2.2\hamcrest-2.2.jar;C:\Users\FISES-HuyNQ188\.m2\repository\org\junit\jupiter\junit-jupiter\5.8.2\junit-jupiter-5.8.2.jar;C:\Users\FISES-HuyNQ188\.m2\repository\org\junit\jupiter\junit-jupiter-api\5.8.2\junit-jupiter-api-5.8.2.jar;C:\Users\FISES-HuyNQ188\.m2\repository\org\opentest4j\opentest4j\1.2.0\opentest4j-1.2.0.jar;C:\Users\FISES-HuyNQ188\.m2\repository\org\junit\platform\junit-platform-commons\1.8.2\junit-platform-commons-1.8.2.jar;C:\Users\FISES-HuyNQ188\.m2\repository\org\apiguardian\apiguardian-api\1.1.2\apiguardian-api-1.1.2.jar;C:\Users\FISES-HuyNQ188\.m2\repository\org\junit\jupiter\junit-jupiter-params\5.8.2\junit-jupiter-params-5.8.2.jar;C:\Users\FISES-HuyNQ188\.m2\repository\org\junit\jupiter\junit-jupiter-engine\5.8.2\junit-jupiter-engine-5.8.2.jar;C:\Users\FISES-HuyNQ188\.m2\repository\org\junit\platform\junit-platform-engine\1.8.2\junit-platform-engine-1.8.2.jar;C:\Users\FISES-HuyNQ188\.m2\repository\org\mockito\mockito-core\4.0.0\mockito-core-4.0.0.jar;C:\Users\FISES-HuyNQ188\.m2\repository\net\bytebuddy\byte-buddy-agent\1.12.19\byte-buddy-agent-1.12.19.jar;C:\Users\FISES-HuyNQ188\.m2\repository\org\objenesis\objenesis\3.2\objenesis-3.2.jar;C:\Users\FISES-HuyNQ188\.m2\repository\org\mockito\mockito-junit-jupiter\4.0.0\mockito-junit-jupiter-4.0.0.jar;C:\Users\FISES-HuyNQ188\.m2\repository\org\skyscreamer\jsonassert\1.5.1\jsonassert-1.5.1.jar;C:\Users\FISES-HuyNQ188\.m2\repository\org\springframework\spring-core\5.3.24\spring-core-5.3.24.jar;C:\Users\FISES-HuyNQ188\.m2\repository\org\springframework\spring-jcl\5.3.24\spring-jcl-5.3.24.jar;C:\Users\FISES-HuyNQ188\.m2\repository\org\springframework\spring-test\5.3.24\spring-test-5.3.24.jar;C:\Users\FISES-HuyNQ188\.m2\repository\org\xmlunit\xmlunit-core\2.9.0\xmlunit-core-2.9.0.jar;C:\Users\FISES-HuyNQ188\.m2\repository\net\javacrumbs\json-unit\json-unit-assertj\2.35.0\json-unit-assertj-2.35.0.jar;C:\Users\FISES-HuyNQ188\.m2\repository\net\javacrumbs\json-unit\json-unit-core\2.35.0\json-unit-core-2.35.0.jar;C:\Users\FISES-HuyNQ188\.m2\repository\org\hamcrest\hamcrest-core\2.2\hamcrest-core-2.2.jar;C:\Users\FISES-HuyNQ188\.m2\repository\net\javacrumbs\json-unit\json-unit-json-path\2.35.0\json-unit-json-path-2.35.0.jar;C:\Users\FISES-HuyNQ188\.m2\repository\org\springframework\ldap\spring-ldap-core\2.4.1\spring-ldap-core-2.4.1.jar;C:\Users\FISES-HuyNQ188\.m2\repository\org\springframework\spring-beans\5.3.24\spring-beans-5.3.24.jar;C:\Users\FISES-HuyNQ188\.m2\repository\org\slf4j\slf4j-api\1.7.36\slf4j-api-1.7.36.jar;C:\Users\FISES-HuyNQ188\.m2\repository\com\unboundid\unboundid-ldapsdk\6.0.6\unboundid-ldapsdk-6.0.6.jar;"/>
    <property name="sun.cpu.endian" value="little"/>
    <property name="user.home" value="C:\Users\FISES-HuyNQ188"/>
    <property name="user.language" value="en"/>
    <property name="java.specification.vendor" value="Oracle Corporation"/>
    <property name="java.version.date" value="2023-04-18"/>
    <property name="java.home" value="C:\Program Files\Java\jdk-17"/>
    <property name="file.separator" value="\"/>
    <property name="basedir" value="C:\Users\FISES-HuyNQ188\Downloads\flowable-engine-flowable-6.8.0\modules\flowable-ui\flowable-ui-app"/>
    <property name="java.vm.compressedOopsMode" value="Zero based"/>
    <property name="line.separator" value="&#10;"/>
    <property name="java.vm.specification.vendor" value="Oracle Corporation"/>
    <property name="java.specification.name" value="Java Platform API Specification"/>
    <property name="FILE_LOG_CHARSET" value="UTF-8"/>
    <property name="java.awt.headless" value="true"/>
    <property name="surefire.real.class.path" value="C:\Users\FISES-HuyNQ188\AppData\Local\Temp\surefire4956605449846607986\surefirebooter10814773851211573004.jar"/>
    <property name="user.script" value=""/>
    <property name="sun.management.compiler" value="HotSpot 64-Bit Tiered Compilers"/>
    <property name="java.runtime.version" value="17.0.7+8-LTS-224"/>
    <property name="user.name" value="FISES-HuyNQ188"/>
    <property name="path.separator" value=";"/>
    <property name="os.version" value="10.0"/>
    <property name="java.runtime.name" value="Java(TM) SE Runtime Environment"/>
    <property name="file.encoding" value="UTF-8"/>
    <property name="spring.beaninfo.ignore" value="true"/>
    <property name="java.vm.name" value="Java HotSpot(TM) 64-Bit Server VM"/>
    <property name="localRepository" value="C:\Users\FISES-HuyNQ188\.m2\repository"/>
    <property name="java.vendor.url.bug" value="https://bugreport.java.com/bugreport/"/>
    <property name="java.io.tmpdir" value="C:\Users\FISES-~1\AppData\Local\Temp\"/>
    <property name="idea.version" value="2023.1.2"/>
    <property name="catalina.home" value="C:\Users\FISES-HuyNQ188\AppData\Local\Temp\tomcat.0.2877893188528259442"/>
    <property name="java.version" value="17.0.7"/>
    <property name="user.dir" value="C:\Users\FISES-HuyNQ188\Downloads\flowable-engine-flowable-6.8.0\modules\flowable-ui\flowable-ui-app"/>
    <property name="os.arch" value="amd64"/>
    <property name="java.vm.specification.name" value="Java Virtual Machine Specification"/>
    <property name="PID" value="6600"/>
    <property name="sun.os.patch.level" value=""/>
    <property name="CONSOLE_LOG_CHARSET" value="UTF-8"/>
    <property name="catalina.base" value="C:\Users\FISES-HuyNQ188\AppData\Local\Temp\tomcat.0.17377324691358305102"/>
    <property name="native.encoding" value="Cp1252"/>
    <property name="java.library.path" value="C:\Program Files\Java\jdk-17\bin;C:\Windows\Sun\Java\bin;C:\Windows\system32;C:\Windows;C:\Program Files\OpenJDK\jdk-8.0.362.09-hotspot\bin;C:\Program Files\HPE\NV\lib\shunra\vcat;C:\Program Files\Common Files\Oracle\Java\javapath;C:\Program Files (x86)\Common Files\Oracle\Java\javapath;C:\Windows\system32;C:\Windows;C:\Windows\System32\Wbem;C:\Windows\System32\WindowsPowerShell\v1.0\;C:\Windows\System32\OpenSSH\;C:\Program Files (x86)\SafeCom\SafeComPrintClient;C:\Users\FISES-HuyNQ188\AppData\Roaming\nvm;C:\Program Files\nodejs;C:\Program Files\Java\jdk-11.0.12\bin;C:\Program Files\Git\cmd;C:\Program Files (x86)\HPE\LoadRunner\strawberry-perl\perl\bin;C:\Users\FISES-HuyNQ188\AppData\Local\Programs\Python\Python310\Scripts\;C:\Users\FISES-HuyNQ188\AppData\Local\Programs\Python\Python310\;C:\Users\FISES-HuyNQ188\AppData\Local\Microsoft\WindowsApps;C:\Users\FISES-HuyNQ188\AppData\Local\Programs\Microsoft VS Code\bin;C:\Users\FISES-HuyNQ188\AppData\Roaming\nvm;C:\Program Files\nodejs;."/>
    <property name="java.vm.info" value="mixed mode, sharing"/>
    <property name="java.vendor" value="Oracle Corporation"/>
    <property name="java.vm.version" value="17.0.7+8-LTS-224"/>
    <property name="sun.io.unicode.encoding" value="UnicodeLittle"/>
    <property name="java.class.version" value="61.0"/>
  </properties>
  <testcase name="authenticateWithWrongPasswordOverLdap" classname="org.flowable.ui.application.FlowableUiIdmApplicationLdapAuthenticationTest" time="0.056"/>
  <testcase name="authenticateOverLdap" classname="org.flowable.ui.application.FlowableUiIdmApplicationLdapAuthenticationTest" time="0.006"/>
  <testcase name="authenticateWithNonExistingUserOverLdap" classname="org.flowable.ui.application.FlowableUiIdmApplicationLdapAuthenticationTest" time="0.005"/>
</testsuite>